<?xml version="1.0" encoding="UTF-8"?>
<!-- Generated by org.testng.reporters.JUnitXMLReporter -->
<testsuite ignored="0" hostname="DESKTOP-F82EOL1" failures="0" tests="7" name="Default test" time="0.062" errors="0" timestamp="2022-10-28T07:47:39 IST">
  <testcase classname="TestNG.TestInvocationCount" name="Sanke" time="0.01"/>
  <testcase classname="TestNG.TestInvocationCount" name="Sanke" time="0.001"/>
  <testcase classname="TestNG.TestInvocationCount" name="cat" time="0.001"/>
  <testcase classname="TestNG.TestInvocationCount" name="dog" time="0.001"/>
  <testcase classname="TestNG.TestInvocationCount" name="dog" time="0.0"/>
  <testcase classname="TestNG.TestInvocationCount" name="dog" time="0.001"/>
  <testcase classname="TestNG.TestInvocationCount" name="dog" time="0.001"/>
</testsuite> <!-- Default test -->
