<?xml version="1.0" encoding="UTF-8"?>
<testng-results ignored="0" total="7" passed="7" failed="0" skipped="0">
  <reporter-output>
  </reporter-output>
  <suite started-at="2022-10-28T07:47:39 IST" name="Default suite" finished-at="2022-10-28T07:47:39 IST" duration-ms="62">
    <groups>
    </groups>
    <test started-at="2022-10-28T07:47:39 IST" name="Default test" finished-at="2022-10-28T07:47:39 IST" duration-ms="62">
      <class name="TestNG.TestInvocationCount">
        <test-method signature="Sanke()[pri:0, instance:TestNG.TestInvocationCount@27ff5d15]" started-at="2022-10-28T07:47:39 IST" name="Sanke" finished-at="2022-10-28T07:47:39 IST" duration-ms="10" status="PASS">
          <reporter-output>
          </reporter-output>
        </test-method> <!-- Sanke -->
        <test-method signature="Sanke()[pri:0, instance:TestNG.TestInvocationCount@27ff5d15]" started-at="2022-10-28T07:47:39 IST" name="Sanke" finished-at="2022-10-28T07:47:39 IST" duration-ms="1" status="PASS">
          <reporter-output>
          </reporter-output>
        </test-method> <!-- Sanke -->
        <test-method signature="cat()[pri:0, instance:TestNG.TestInvocationCount@27ff5d15]" started-at="2022-10-28T07:47:39 IST" name="cat" finished-at="2022-10-28T07:47:39 IST" duration-ms="1" status="PASS">
          <reporter-output>
          </reporter-output>
        </test-method> <!-- cat -->
        <test-method signature="dog()[pri:0, instance:TestNG.TestInvocationCount@27ff5d15]" started-at="2022-10-28T07:47:39 IST" name="dog" finished-at="2022-10-28T07:47:39 IST" duration-ms="1" status="PASS">
          <reporter-output>
          </reporter-output>
        </test-method> <!-- dog -->
        <test-method signature="dog()[pri:0, instance:TestNG.TestInvocationCount@27ff5d15]" started-at="2022-10-28T07:47:39 IST" name="dog" finished-at="2022-10-28T07:47:39 IST" duration-ms="0" status="PASS">
          <reporter-output>
          </reporter-output>
        </test-method> <!-- dog -->
        <test-method signature="dog()[pri:0, instance:TestNG.TestInvocationCount@27ff5d15]" started-at="2022-10-28T07:47:39 IST" name="dog" finished-at="2022-10-28T07:47:39 IST" duration-ms="1" status="PASS">
          <reporter-output>
          </reporter-output>
        </test-method> <!-- dog -->
        <test-method signature="dog()[pri:0, instance:TestNG.TestInvocationCount@27ff5d15]" started-at="2022-10-28T07:47:39 IST" name="dog" finished-at="2022-10-28T07:47:39 IST" duration-ms="1" status="PASS">
          <reporter-output>
          </reporter-output>
        </test-method> <!-- dog -->
      </class> <!-- TestNG.TestInvocationCount -->
    </test> <!-- Default test -->
  </suite> <!-- Default suite -->
</testng-results>
